生成启动时间为 2019/9/19 23:31:49。
     1>项目“c:\Users\11200\documents\visual studio 2013\Projects\2019_9_19\2019_9_19\2019_9_19.vcxproj”在节点 2 上(Build 个目标)。
     1>ClCompile:
         C:\Program Files (x86)\Microsoft Visual Studio 12.0\VC\bin\CL.exe /c /ZI /nologo /W3 /WX- /sdl /Od /Oy- /D _MBCS /Gm /EHsc /RTC1 /MDd /GS /fp:precise /Zc:wchar_t /Zc:forScope /Fo"Debug\\" /Fd"Debug\vc120.pdb" /Gd /TP /analyze- /errorReport:prompt main.cpp
         main.cpp
     1>c:\users\11200\documents\visual studio 2013\projects\2019_9_19\2019_9_19\main.cpp(16): error C2062: 意外的类型“int”
     1>c:\users\11200\documents\visual studio 2013\projects\2019_9_19\2019_9_19\main.cpp(16): error C2065: “j”: 未声明的标识符
     1>c:\users\11200\documents\visual studio 2013\projects\2019_9_19\2019_9_19\main.cpp(16): error C2143: 语法错误 : 缺少“;”(在“)”的前面)
     1>c:\users\11200\documents\visual studio 2013\projects\2019_9_19\2019_9_19\main.cpp(17): error C2143: 语法错误 : 缺少“;”(在“{”的前面)
     1>c:\users\11200\documents\visual studio 2013\projects\2019_9_19\2019_9_19\main.cpp(18): error C2065: “j”: 未声明的标识符
     1>c:\users\11200\documents\visual studio 2013\projects\2019_9_19\2019_9_19\main.cpp(18): error C2660: “std::swap”: 函数不接受 1 个参数
     1>c:\users\11200\documents\visual studio 2013\projects\2019_9_19\2019_9_19\main.cpp(20): fatal error C1903: 无法从以前的错误中恢复；正在停止编译
     1>已完成生成项目“c:\Users\11200\documents\visual studio 2013\Projects\2019_9_19\2019_9_19\2019_9_19.vcxproj”(Build 个目标)的操作 - 失败。

生成失败。

已用时间 00:00:00.76
