生成启动时间为 2018/11/3 0:01:35。
     1>项目“C:\Users\11200\documents\visual studio 2013\Projects\test_11_2\test_11_2\test_11_2.vcxproj”在节点 2 上(Build 个目标)。
     1>ClCompile:
         C:\Program Files (x86)\Microsoft Visual Studio 12.0\VC\bin\CL.exe /c /ZI /nologo /W3 /WX- /sdl /Od /Oy- /D _MBCS /Gm /EHsc /RTC1 /MDd /GS /fp:precise /Zc:wchar_t /Zc:forScope /Fo"Debug\\" /Fd"Debug\vc120.pdb" /Gd /TC /analyze- /errorReport:prompt contect.c test.c
         test.c
     1>c:\users\11200\documents\visual studio 2013\projects\test_11_2\test_11_2\test.c(14): warning C4013: “scnaf”未定义；假设外部返回 int
         contect.c
     1>c:\users\11200\documents\visual studio 2013\projects\test_11_2\test_11_2\contect.c(4): error C2449: 在文件范围内找到“{”(是否缺少函数头?)
     1>c:\users\11200\documents\visual studio 2013\projects\test_11_2\test_11_2\contect.c(6): error C2059: 语法错误:“}”
     1>c:\users\11200\documents\visual studio 2013\projects\test_11_2\test_11_2\contect.c(8): error C2449: 在文件范围内找到“{”(是否缺少函数头?)
     1>c:\users\11200\documents\visual studio 2013\projects\test_11_2\test_11_2\contect.c(10): error C2059: 语法错误:“}”
     1>c:\users\11200\documents\visual studio 2013\projects\test_11_2\test_11_2\contect.c(12): error C2449: 在文件范围内找到“{”(是否缺少函数头?)
     1>c:\users\11200\documents\visual studio 2013\projects\test_11_2\test_11_2\contect.c(14): error C2059: 语法错误:“}”
     1>c:\users\11200\documents\visual studio 2013\projects\test_11_2\test_11_2\contect.c(16): error C2449: 在文件范围内找到“{”(是否缺少函数头?)
     1>c:\users\11200\documents\visual studio 2013\projects\test_11_2\test_11_2\contect.c(18): error C2059: 语法错误:“}”
         正在生成代码...
     1>已完成生成项目“C:\Users\11200\documents\visual studio 2013\Projects\test_11_2\test_11_2\test_11_2.vcxproj”(Build 个目标)的操作 - 失败。

生成失败。

已用时间 00:00:00.64
